This is pdfTeX, Version 3.14159265-2.6-1.40.15 (TeX Live 2015/dev/Debian) (preloaded format=pdflatex 2015.11.11)  17 OCT 2016 17:14
entering extended mode
 restricted \write18 enabled.
 %&-line parsing enabled.
**proceeding.tex
(./proceeding.tex
LaTeX2e <2014/05/01>
Babel <3.9l> and hyphenation patterns for 4 languages loaded.
(/usr/share/texlive/texmf-dist/tex/latex/base/article.cls
Document Class: article 2014/09/29 v1.4h Standard LaTeX document class
(/usr/share/texlive/texmf-dist/tex/latex/base/size12.clo
File: size12.clo 2014/09/29 v1.4h Standard LaTeX file (size option)
)
\c@part=\count79
\c@section=\count80
\c@subsection=\count81
\c@subsubsection=\count82
\c@paragraph=\count83
\c@subparagraph=\count84
\c@figure=\count85
\c@table=\count86
\abovecaptionskip=\skip41
\belowcaptionskip=\skip42
\bibindent=\dimen102
)
(/usr/share/texlive/texmf-dist/tex/latex/caption/subcaption.sty
Package: subcaption 2013/02/03 v1.1-62 Sub-captions (AR)

(/usr/share/texlive/texmf-dist/tex/latex/caption/caption.sty
Package: caption 2013/05/02 v3.3-89 Customizing captions (AR)

(/usr/share/texlive/texmf-dist/tex/latex/caption/caption3.sty
Package: caption3 2013/05/02 v1.6-88 caption3 kernel (AR)
Package caption3 Info: TeX engine: e-TeX on input line 57.

(/usr/share/texlive/texmf-dist/tex/latex/graphics/keyval.sty
Package: keyval 2014/05/08 v1.15 key=value parser (DPC)
\KV@toks@=\toks14
)
\captionmargin=\dimen103
\captionmargin@=\dimen104
\captionwidth=\dimen105
\caption@tempdima=\dimen106
\caption@indent=\dimen107
\caption@parindent=\dimen108
\caption@hangindent=\dimen109
)
\c@ContinuedFloat=\count87
)
\c@subfigure=\count88
\c@subtable=\count89
)
(/usr/share/texlive/texmf-dist/tex/latex/wasysym/wasysym.sty
Package: wasysym 2003/10/30 v2.0 Wasy-2 symbol support package
\symwasy=\mathgroup4
LaTeX Font Info:    Overwriting symbol font `wasy' in version `bold'
(Font)                  U/wasy/m/n --> U/wasy/b/n on input line 90.
)
(/usr/share/texlive/texmf-dist/tex/latex/graphics/graphicx.sty
Package: graphicx 2014/04/25 v1.0g Enhanced LaTeX Graphics (DPC,SPQR)

(/usr/share/texlive/texmf-dist/tex/latex/graphics/graphics.sty
Package: graphics 2009/02/05 v1.0o Standard LaTeX Graphics (DPC,SPQR)

(/usr/share/texlive/texmf-dist/tex/latex/graphics/trig.sty
Package: trig 1999/03/16 v1.09 sin cos tan (DPC)
)
(/usr/share/texlive/texmf-dist/tex/latex/latexconfig/graphics.cfg
File: graphics.cfg 2010/04/23 v1.9 graphics configuration of TeX Live
)
Package graphics Info: Driver file: pdftex.def on input line 91.

(/usr/share/texlive/texmf-dist/tex/latex/pdftex-def/pdftex.def
File: pdftex.def 2011/05/27 v0.06d Graphics/color for pdfTeX

(/usr/share/texlive/texmf-dist/tex/generic/oberdiek/infwarerr.sty
Package: infwarerr 2010/04/08 v1.3 Providing info/warning/error messages (HO)
)
(/usr/share/texlive/texmf-dist/tex/generic/oberdiek/ltxcmds.sty
Package: ltxcmds 2011/11/09 v1.22 LaTeX kernel commands for general use (HO)
)
\Gread@gobject=\count90
))
\Gin@req@height=\dimen110
\Gin@req@width=\dimen111
)

LaTeX Warning: Unused global option(s):
    [a4].

(./proceeding.aux

LaTeX Warning: Label `covered_region' multiply defined.

)
\openout1 = `proceeding.aux'.

LaTeX Font Info:    Checking defaults for OML/cmm/m/it on input line 12.
LaTeX Font Info:    ... okay on input line 12.
LaTeX Font Info:    Checking defaults for T1/cmr/m/n on input line 12.
LaTeX Font Info:    ... okay on input line 12.
LaTeX Font Info:    Checking defaults for OT1/cmr/m/n on input line 12.
LaTeX Font Info:    ... okay on input line 12.
LaTeX Font Info:    Checking defaults for OMS/cmsy/m/n on input line 12.
LaTeX Font Info:    ... okay on input line 12.
LaTeX Font Info:    Checking defaults for OMX/cmex/m/n on input line 12.
LaTeX Font Info:    ... okay on input line 12.
LaTeX Font Info:    Checking defaults for U/cmr/m/n on input line 12.
LaTeX Font Info:    ... okay on input line 12.
Package caption Info: Begin \AtBeginDocument code.
Package caption Info: End \AtBeginDocument code.
 (/usr/share/texlive/texmf-dist/tex/context/base/supp-pdf.mkii
[Loading MPS to PDF converter (version 2006.09.02).]
\scratchcounter=\count91
\scratchdimen=\dimen112
\scratchbox=\box26
\nofMPsegments=\count92
\nofMParguments=\count93
\everyMPshowfont=\toks15
\MPscratchCnt=\count94
\MPscratchDim=\dimen113
\MPnumerator=\count95
\makeMPintoPDFobject=\count96
\everyMPtoPDFconversion=\toks16
) (/usr/share/texlive/texmf-dist/tex/generic/oberdiek/pdftexcmds.sty
Package: pdftexcmds 2011/11/29 v0.20 Utility functions of pdfTeX for LuaTeX (HO
)

(/usr/share/texlive/texmf-dist/tex/generic/oberdiek/ifluatex.sty
Package: ifluatex 2010/03/01 v1.3 Provides the ifluatex switch (HO)
Package ifluatex Info: LuaTeX not detected.
)
(/usr/share/texlive/texmf-dist/tex/generic/oberdiek/ifpdf.sty
Package: ifpdf 2011/01/30 v2.3 Provides the ifpdf switch (HO)
Package ifpdf Info: pdfTeX in PDF mode is detected.
)
Package pdftexcmds Info: LuaTeX not detected.
Package pdftexcmds Info: \pdf@primitive is available.
Package pdftexcmds Info: \pdf@ifprimitive is available.
Package pdftexcmds Info: \pdfdraftmode found.
)
(/usr/share/texlive/texmf-dist/tex/latex/oberdiek/epstopdf-base.sty
Package: epstopdf-base 2010/02/09 v2.5 Base part for package epstopdf

(/usr/share/texlive/texmf-dist/tex/latex/oberdiek/grfext.sty
Package: grfext 2010/08/19 v1.1 Manage graphics extensions (HO)

(/usr/share/texlive/texmf-dist/tex/generic/oberdiek/kvdefinekeys.sty
Package: kvdefinekeys 2011/04/07 v1.3 Define keys (HO)
))
(/usr/share/texlive/texmf-dist/tex/latex/oberdiek/kvoptions.sty
Package: kvoptions 2011/06/30 v3.11 Key value format for package options (HO)

(/usr/share/texlive/texmf-dist/tex/generic/oberdiek/kvsetkeys.sty
Package: kvsetkeys 2012/04/25 v1.16 Key value parser (HO)

(/usr/share/texlive/texmf-dist/tex/generic/oberdiek/etexcmds.sty
Package: etexcmds 2011/02/16 v1.5 Avoid name clashes with e-TeX commands (HO)
Package etexcmds Info: Could not find \expanded.
(etexcmds)             That can mean that you are not using pdfTeX 1.50 or
(etexcmds)             that some package has redefined \expanded.
(etexcmds)             In the latter case, load this package earlier.
)))
Package grfext Info: Graphics extension search list:
(grfext)             [.png,.pdf,.jpg,.mps,.jpeg,.jbig2,.jb2,.PNG,.PDF,.JPG,.JPE
G,.JBIG2,.JB2,.eps]
(grfext)             \AppendGraphicsExtensions on input line 452.

(/usr/share/texlive/texmf-dist/tex/latex/latexconfig/epstopdf-sys.cfg
File: epstopdf-sys.cfg 2010/07/13 v1.3 Configuration of (r)epstopdf for TeX Liv
e
))
LaTeX Font Info:    External font `cmex10' loaded for size
(Font)              <14.4> on input line 13.
LaTeX Font Info:    External font `cmex10' loaded for size
(Font)              <7> on input line 13.
LaTeX Font Info:    Try loading font information for U+wasy on input line 13.

(/usr/share/texlive/texmf-dist/tex/latex/wasysym/uwasy.fd
File: uwasy.fd 2003/10/30 v2.0 Wasy-2 symbol font definitions
)
Overfull \hbox (6.6993pt too wide) in paragraph at lines 16--30
\OT1/cmr/m/n/10.95 runs. Find-ing an elec-tro-mag-netic coun-ter-part to com-pa
ct bi-nary merger
 []

[1

{/var/lib/texmf/fonts/map/pdftex/updmap/pdftex.map}]
LaTeX Font Info:    External font `cmex10' loaded for size
(Font)              <12> on input line 48.
LaTeX Font Info:    External font `cmex10' loaded for size
(Font)              <8> on input line 48.
LaTeX Font Info:    External font `cmex10' loaded for size
(Font)              <6> on input line 48.

<../poster/figures/summary_plot.png, id=11, 508.7808pt x 189.8292pt>
File: ../poster/figures/summary_plot.png Graphic file (type png)

<use ../poster/figures/summary_plot.png>
Package pdftex.def Info: ../poster/figures/summary_plot.png used on input line 
55.
(pdftex.def)             Requested size: 407.02519pt x 151.86354pt.

Overfull \hbox (17.02519pt too wide) in paragraph at lines 55--56
 [] 
 []

[2 <../poster/figures/summary_plot.png>]
Overfull \hbox (0.8358pt too wide) in paragraph at lines 74--74
[]\OT1/cmr/bx/n/17.28 Electromagnetic emis-sion model from neutron-
 []

[3] <../poster/figures/spectra.png, id=23, 733.5405pt x 532.6299pt>
File: ../poster/figures/spectra.png Graphic file (type png)

<use ../poster/figures/spectra.png>
Package pdftex.def Info: ../poster/figures/spectra.png used on input line 134.
(pdftex.def)             Requested size: 146.70549pt x 106.52408pt.

<../poster/figures/INTEGRAL.jpg, id=25, 599.23875pt x 576.1525pt>
File: ../poster/figures/INTEGRAL.jpg Graphic file (type jpg)

<use ../poster/figures/INTEGRAL.jpg>
Package pdftex.def Info: ../poster/figures/INTEGRAL.jpg used on input line 135.

(pdftex.def)             Requested size: 119.84563pt x 115.22845pt.
 [4 <../poster/figures/spectra.png> <../poster/figures/INTEGRAL.jpg>]
<../poster/figures/fluence_distribution_9.png, id=30, 289.08pt x 216.81pt>
File: ../poster/figures/fluence_distribution_9.png Graphic file (type png)

<use ../poster/figures/fluence_distribution_9.png>
Package pdftex.def Info: ../poster/figures/fluence_distribution_9.png used on i
nput line 162.
(pdftex.def)             Requested size: 173.44933pt x 130.08699pt.

<../poster/figures/significance_distribution_9_11_5.png, id=31, 289.08pt x 216.
81pt>
File: ../poster/figures/significance_distribution_9_11_5.png Graphic file (type
 png)
 <use ../poster/figures/significance_distribution_9_11_5.png>
Package pdftex.def Info: ../poster/figures/significance_distribution_9_11_5.png
 used on input line 163.
(pdftex.def)             Requested size: 173.44933pt x 130.08699pt.

<../poster/figures/covered_region_9_-1_normed.png, id=32, 289.08pt x 216.81pt>
File: ../poster/figures/covered_region_9_-1_normed.png Graphic file (type png)

<use ../poster/figures/covered_region_9_-1_normed.png>
Package pdftex.def Info: ../poster/figures/covered_region_9_-1_normed.png used 
on input line 187.
(pdftex.def)             Requested size: 144.53964pt x 108.40472pt.

<../poster/figures/significance_vs_rate_af.png, id=33, 433.62pt x 289.08pt>
File: ../poster/figures/significance_vs_rate_af.png Graphic file (type png)

<use ../poster/figures/significance_vs_rate_af.png>
Package pdftex.def Info: ../poster/figures/significance_vs_rate_af.png used on 
input line 188.
(pdftex.def)             Requested size: 173.44492pt x 115.62994pt.
 [5 <../poster/figures/fluence_distribution_9.png> <../poster/figures/significa
nce_distribution_9_11_5.png>]
Missing character: There is no â in font cmr10!
Missing character: There is no € in font cmr10!
Missing character: There is no ™ in font cmr10!
 (./proceeding.bbl
! Undefined control sequence.
l.20 \newblock \url
                   {www.syntheticuniverse.org}.
The control sequence at the end of the top line
of your error message was never \def'ed. If you have
misspelled it (e.g., `\hobx'), type `I' and the correct
spelling (e.g., `I\hbox'). Otherwise just continue,
and I'll forget about whatever was undefined.

[6 <../poster/figures/covered_region_9_-1_normed.png> <../poster/figures/signif
icance_vs_rate_af.png>]
Missing character: There is no â in font cmr10!
Missing character: There is no € in font cmr10!
Missing character: There is no ‰ in font cmr10!
LaTeX Font Info:    External font `cmex10' loaded for size
(Font)              <5> on input line 30.
Missing character: There is no â in font cmr10!
Missing character: There is no ‹ in font cmr10!
Missing character: There is no † in font cmr10!
) [7] (./proceeding.aux)

LaTeX Warning: There were multiply-defined labels.

 ) 
Here is how much of TeX's memory you used:
 2831 strings out of 494977
 44629 string characters out of 6180182
 91688 words of memory out of 5000000
 6028 multiletter control sequences out of 15000+600000
 11604 words of font info for 42 fonts, out of 8000000 for 9000
 36 hyphenation exceptions out of 8191
 42i,6n,40p,508b,258s stack positions out of 5000i,500n,10000p,200000b,80000s
</usr/share/texlive/texmf-dist/fonts/type1/public/amsfonts/cm/cmbx10.pfb></us
r/share/texlive/texmf-dist/fonts/type1/public/amsfonts/cm/cmbx12.pfb></usr/shar
e/texlive/texmf-dist/fonts/type1/public/amsfonts/cm/cmmi10.pfb></usr/share/texl
ive/texmf-dist/fonts/type1/public/amsfonts/cm/cmmi12.pfb></usr/share/texlive/te
xmf-dist/fonts/type1/public/amsfonts/cm/cmr10.pfb></usr/share/texlive/texmf-dis
t/fonts/type1/public/amsfonts/cm/cmr12.pfb></usr/share/texlive/texmf-dist/fonts
/type1/public/amsfonts/cm/cmr17.pfb></usr/share/texlive/texmf-dist/fonts/type1/
public/amsfonts/cm/cmr8.pfb></usr/share/texlive/texmf-dist/fonts/type1/public/a
msfonts/cm/cmsy10.pfb></usr/share/texlive/texmf-dist/fonts/type1/public/amsfont
s/cm/cmsy8.pfb></usr/share/texlive/texmf-dist/fonts/type1/public/amsfonts/cm/cm
ti10.pfb></usr/share/texlive/texmf-dist/fonts/type1/public/amsfonts/cm/cmti12.p
fb>
Output written on proceeding.pdf (7 pages, 616610 bytes).
PDF statistics:
 89 PDF objects out of 1000 (max. 8388607)
 55 compressed objects within 1 object stream
 0 named destinations out of 1000 (max. 500000)
 36 words of extra memory for PDF output out of 10000 (max. 10000000)

